[debug] [2023-04-17T09:12:48.929Z] ----------------------------------------------------------------------
[debug] [2023-04-17T09:12:48.935Z] Command:       C:\Program Files\nodejs\node.exe C:\Program Files\nodejs\node_modules\firebase-tools\lib\bin\firebase.js init
[debug] [2023-04-17T09:12:48.936Z] CLI Version:   11.27.0
[debug] [2023-04-17T09:12:48.937Z] Platform:      win32
[debug] [2023-04-17T09:12:48.937Z] Node Version:  v16.16.0
[debug] [2023-04-17T09:12:48.940Z] Time:          Mon Apr 17 2023 14:42:48 GMT+0530 (India Standard Time)
[debug] [2023-04-17T09:12:48.941Z] ----------------------------------------------------------------------
[debug] 
[debug] [2023-04-17T09:12:48.955Z] > command requires scopes: ["email","openid","https://www.googleapis.com/auth/cloudplatformprojects.readonly","https://www.googleapis.com/auth/firebase","https://www.googleapis.com/auth/cloud-platform"]
[debug] [2023-04-17T09:12:48.956Z] > authorizing via signed-in user (rutujadhekolkar97@gmail.com)
[info] 
     ######## #### ########  ######## ########     ###     ######  ########
     ##        ##  ##     ## ##       ##     ##  ##   ##  ##       ##
     ######    ##  ########  ######   ########  #########  ######  ######
     ##        ##  ##    ##  ##       ##     ## ##     ##       ## ##
     ##       #### ##     ## ######## ########  ##     ##  ######  ########

You're about to initialize a Firebase project in this directory:

  C:\Users\DELL\Desktop\You-Tube-Clone

[info] 
=== Project Setup
[info] 
[info] First, let's associate this project directory with a Firebase project.
[info] You can create multiple project aliases by running firebase use --add, 
[info] but for now we'll just set up a default project.
[info] 
[debug] [2023-04-17T09:13:44.530Z] >>> [apiv2][query] GET https://firebase.googleapis.com/v1beta1/projects pageSize=100
[debug] [2023-04-17T09:13:45.636Z] <<< [apiv2][status] GET https://firebase.googleapis.com/v1beta1/projects 200
[debug] [2023-04-17T09:13:45.637Z] <<< [apiv2][body] GET https://firebase.googleapis.com/v1beta1/projects [omitted]
[info] i  Using project my-you-tube-clone-1 (YouTubeClone) 
[info] 
=== Hosting Setup
[info] 
[info] Your public directory is the folder (relative to your project directory) that
[info] will contain Hosting assets to be uploaded with firebase deploy. If you
[info] have a build process for your assets, use your build's output directory.
[info] 
[info] +  Wrote build/404.html 
[debug] [2023-04-17T09:15:09.654Z] >>> [apiv2][query] GET https://www.gstatic.com/firebasejs/releases.json [none]
[debug] [2023-04-17T09:15:09.835Z] <<< [apiv2][status] GET https://www.gstatic.com/firebasejs/releases.json 200
[debug] [2023-04-17T09:15:09.836Z] <<< [apiv2][body] GET https://www.gstatic.com/firebasejs/releases.json {"current":{"version":"9.19.1","browserURL":"https://www.gstatic.com/firebasejs/9.19.1/firebase.js","packageURL":"https://www.gstatic.com/firebasejs/9.19.1/firebase.tgz"},"live":{"version":"9.19","browserURL":"https://www.gstatic.com/firebasejs/live/9.19/firebase.js","packageURL":"https://www.gstatic.com/firebasejs/live/9.19/firebase.tgz"},"components":{"analytics":"https://www.gstatic.com/firebasejs/9.19.1/firebase-analytics.js","app":"https://www.gstatic.com/firebasejs/9.19.1/firebase-app.js","app-check":"https://www.gstatic.com/firebasejs/9.19.1/firebase-app-check.js","auth":"https://www.gstatic.com/firebasejs/9.19.1/firebase-auth.js","auth/cordova":"https://www.gstatic.com/firebasejs/9.19.1/firebase-auth/cordova.js","auth/react-native":"https://www.gstatic.com/firebasejs/9.19.1/firebase-auth/react-native.js","functions":"https://www.gstatic.com/firebasejs/9.19.1/firebase-functions.js","firestore":"https://www.gstatic.com/firebasejs/9.19.1/firebase-firestore.js","firestore/lite":"https://www.gstatic.com/firebasejs/9.19.1/firebase-firestore/lite.js","installations":"https://www.gstatic.com/firebasejs/9.19.1/firebase-installations.js","storage":"https://www.gstatic.com/firebasejs/9.19.1/firebase-storage.js","performance":"https://www.gstatic.com/firebasejs/9.19.1/firebase-performance.js","remote-config":"https://www.gstatic.com/firebasejs/9.19.1/firebase-remote-config.js","messaging":"https://www.gstatic.com/firebasejs/9.19.1/firebase-messaging.js","messaging/sw":"https://www.gstatic.com/firebasejs/9.19.1/firebase-messaging/sw.js","database":"https://www.gstatic.com/firebasejs/9.19.1/firebase-database.js","firestore.memory":"https://www.gstatic.com/firebasejs/9.19.1/firebase-firestore.memory.js"}}
[info] i  Skipping write of build/index.html 
[info] 
[info] i  Detected a .git folder at C:\Users\DELL\Desktop\You-Tube-Clone 
[info] i  Authorizing with GitHub to upload your service account to a GitHub repository's secrets store. 
[info] 
[info] Visit this URL on this device to log in:
[info] https://github.com/login/oauth/authorize?client_id=89cf50f02ac6aaed3484&state=234384588&redirect_uri=http%3A%2F%2Flocalhost%3A9005&scope=read%3Auser%20repo%20public_repo
[info] 
[info] Waiting for authentication...
[debug] [2023-04-17T09:16:13.626Z] >>> [apiv2][query] POST https://github.com/login/oauth/access_token [none]
[debug] [2023-04-17T09:16:13.626Z] >>> [apiv2][body] POST https://github.com/login/oauth/access_token [stream]
[debug] [2023-04-17T09:16:14.077Z] <<< [apiv2][status] POST https://github.com/login/oauth/access_token 200
[debug] [2023-04-17T09:16:14.078Z] <<< [apiv2][body] POST https://github.com/login/oauth/access_token {"access_token":"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","token_type":"bearer","scope":"read:user,repo"}
[debug] [2023-04-17T09:16:14.095Z] >>> [apiv2][query] GET https://api.github.com/user [none]
[debug] [2023-04-17T09:16:14.559Z] <<< [apiv2][status] GET https://api.github.com/user 200
[debug] [2023-04-17T09:16:14.559Z] <<< [apiv2][body] GET https://api.github.com/user {"login":"Rutu-11","id":113232070,"node_id":"U_kgDOBr_Ixg","avatar_url":"https://avatars.githubusercontent.com/u/113232070?v=4","gravatar_id":"","url":"https://api.github.com/users/Rutu-11","html_url":"https://github.com/Rutu-11","followers_url":"https://api.github.com/users/Rutu-11/followers","following_url":"https://api.github.com/users/Rutu-11/following{/other_user}","gists_url":"https://api.github.com/users/Rutu-11/gists{/gist_id}","starred_url":"https://api.github.com/users/Rutu-11/starred{/owner}{/repo}","subscriptions_url":"https://api.github.com/users/Rutu-11/subscriptions","organizations_url":"https://api.github.com/users/Rutu-11/orgs","repos_url":"https://api.github.com/users/Rutu-11/repos","events_url":"https://api.github.com/users/Rutu-11/events{/privacy}","received_events_url":"https://api.github.com/users/Rutu-11/received_events","type":"User","site_admin":false,"name":"Rutuja Dhekolkar","company":null,"blog":"","location":"Belgaum, Karnataka","email":null,"hireable":null,"bio":"A passionate Full Stack Web Developer adept in building web applications with JavaScript / Reactjs and some other cool libraries and frameworks.","twitter_username":null,"public_repos":11,"public_gists":0,"followers":13,"following":20,"created_at":"2022-09-10T07:26:31Z","updated_at":"2023-04-11T08:33:38Z","private_gists":0,"total_private_repos":1,"owned_private_repos":1,"disk_usage":49832,"collaborators":0,"two_factor_authentication":false,"plan":{"name":"free","space":976562499,"collaborators":0,"private_repos":10000}}
[info] 
[info] +  Success! Logged into GitHub as Rutu-11 
[info] 
[debug] [2023-04-17T09:17:52.692Z] >>> [apiv2][query] GET https://api.github.com/repos//actions/secrets/public-key type=owner
[debug] [2023-04-17T09:19:06.242Z] >>> [apiv2][query] GET https://api.github.com/repos//actions/secrets/public-key type=owner
